Using pre-set license
Built from '2021.1/staging' branch; Version is '2021.1.14f1 (51d2f824827f) revision 5362424'; Using compiler version '192528614'; Build Type 'Release'
OS: 'Windows 10 Home; OS build 19043.1237; Version 2009; 64bit' Language: 'fr' Physical Memory: 16327 MB
BatchMode: 1, IsHumanControllingUs: 0, StartBugReporterOnCrash: 0, Is64bit: 1, IsPro: 0

 COMMAND LINE ARGUMENTS:
C:\2021.1.14f1\Editor\Unity.exe
-adb2
-batchMode
-noUpm
-name
AssetImportWorker18
-projectPath
E:/Void_Rivals
-logFile
Logs/AssetImportWorker18.log
-srvPort
56145
Successfully changed project path to: E:/Void_Rivals
E:/Void_Rivals
Using Asset Import Pipeline V2.
Refreshing native plugins compatible for Editor in 225.87 ms, found 3 plugins.
Preloading 0 native plugins for Editor in 0.00 ms.
Initialize engine version: 2021.1.14f1 (51d2f824827f)
[Subsystems] Discovering subsystems at path C:/2021.1.14f1/Editor/Data/Resources/UnitySubsystems
[Subsystems] Discovering subsystems at path E:/Void_Rivals/Assets
GfxDevice: creating device client; threaded=0; jobified=0
Direct3D:
    Version:  Direct3D 11.0 [level 11.1]
    Renderer: NVIDIA GeForce GTX 1060 6GB (ID=0x1c03)
    Vendor:   NVIDIA
    VRAM:     6052 MB
    Driver:   30.0.14.7155
received signal from system: SIGSEGV
Stack trace:
0x00007ff6f653af6c (Unity) StackWalker::GetCurrentCallstack
0x00007ff6f6541109 (Unity) StackWalker::ShowCallstack
0x00007ff6f6d366d3 (Unity) GetStacktrace
0x00007ff6f653a650 (Unity) winutils::CrashHandler::DefaultSignalHandler
0x00007ff6f88c4cee (Unity) seh_filter_exe
0x00007ff6f898d6bd (Unity) `__scrt_common_main_seh'::`1'::filt$0
0x00007ff6f8891bc8 (Unity) _C_specific_handler
0x00007fff331920cf (ntdll) _chkstk
0x00007fff33141454 (ntdll) RtlRaiseException
0x00007fff33190bfe (ntdll) KiUserExceptionDispatcher
0x00007ff6f5ea6756 (Unity) DynamicHeapAllocator::CreateTLSFPool
0x00007ff6f5ea5f30 (Unity) DynamicHeapAllocator::Allocate
0x00007ff6f5ea2784 (Unity) DualThreadAllocator<DynamicHeapAllocator>::Allocate
0x00007ff6f5e9c645 (Unity) MemoryManager::Allocate
0x00007ff6f5ea162c (Unity) malloc_internal
0x00007ff6f5761e69 (Unity) core::StringStorageDefault<char>::grow
0x00007ff6f57bd4b0 (Unity) core::StringStorageDefault<char>::resize
0x00007ff6f579e4ef (Unity) StreamedBinaryRead::Transfer<core::basic_string<char,core::StringStorageDefault<char> > >
0x00007ff6f7ca7336 (Unity) ShaderSnippet::Transfer<StreamedBinaryRead>
0x00007ff6f7caaacb (Unity) StreamedBinaryRead::TransferSTLStyleMap<std::map<int,ShaderSnippet,std::less<int>,std::allocator<std::pair<int const ,ShaderSnippet> > > >
0x00007ff6f7ca7243 (Unity) ShaderCompilationInfo::Transfer<StreamedBinaryRead>
0x00007ff6f7c84981 (Unity) Shader::Transfer<StreamedBinaryRead>
0x00007ff6f7ca1a55 (Unity) Shader::VirtualRedirectTransfer
0x00007ff6f650b237 (Unity) SerializedFile::ReadObject
0x00007ff6f64ef6d1 (Unity) PersistentManager::ReadAndActivateObjectThreaded
0x00007ff6f64efd54 (Unity) PersistentManager::ReadObjectThreaded
0x00007ff6f64efa73 (Unity) PersistentManager::ReadObject
0x00007ff6f62ac479 (Unity) ShaderVariantCollection::AwakeFromLoad
0x00007ff6f651711f (Unity) AwakeFromLoadQueue::InvokePersistentManagerAwake
0x00007ff6f6517ab2 (Unity) AwakeFromLoadQueue::PersistentManagerAwakeFromLoad
0x00007ff6f6517c3a (Unity) AwakeFromLoadQueue::PersistentManagerAwakeFromLoad
0x00007ff6f64eba5f (Unity) PersistentManager::IntegrateAllThreadedObjects
0x00007ff6f64ec727 (Unity) PersistentManager::LoadFileCompletely
0x00007ff6f680c84f (Unity) InitializeShaderCompilationManager
0x00007ff6f61b59f7 (Unity) InitializeEngineGraphics
0x00007ff6f692feaa (Unity) Application::InitializeProject
0x00007ff6f6d3fd77 (Unity) WinMain
0x00007ff6f886f402 (Unity) __scrt_common_main_seh
0x00007fff33007034 (KERNEL32) BaseThreadInitThunk
0x00007fff33142651 (ntdll) RtlUserThreadStart

Crash!!!
SymInit: Symbol-SearchPath: '.;E:\Void_Rivals;E:\Void_Rivals\Library\BurstCache\JIT;C:\2021.1.14f1\Editor;C:\Windows;C:\Windows\system32;SRV*C:\websymbols*http://msdl.microsoft.com/download/symbols;', symOptions: 534, UserName: 'admin'
OS-Version: 10.0.0
C:\2021.1.14f1\Editor\Unity.exe:Unity.exe (00007FF6F5660000), size: 81682432 (result: 0), SymType: 'PDB', PDB: 'C:\2021.1.14f1\Editor\Unity_x64.pdb', fileVersion: 2021.1.14.54008
C:\Windows\SYSTEM32\ntdll.dll:ntdll.dll (00007FFF330F0000), size: 2052096 (result: 0), SymType: '-exported-', PDB: 'C:\Windows\SYSTEM32\ntdll.dll', fileVersion: 10.0.19041.1202
C:\Windows\System32\KERNEL32.DLL:KERNEL32.DLL (00007FFF32FF0000), size: 778240 (result: 0), SymType: '-exported-', PDB: 'C:\Windows\System32\KERNEL32.DLL', fileVersion: 10.0.19041.1202
C:\Windows\System32\KERNELBASE.dll:KERNELBASE.dll (00007FFF30AD0000), size: 2920448 (result: 0), SymType: '-exported-', PDB: 'C:\Windows\System32\KERNELBASE.dll', fileVersion: 10.0.19041.1202
C:\Windows\System32\CRYPT32.dll:CRYPT32.dll (00007FFF30DD0000), size: 1400832 (result: 0), SymType: '-exported-', PDB: 'C:\Windows\System32\CRYPT32.dll', fileVersion: 10.0.19041.1202
C:\Windows\System32\ucrtbase.dll:ucrtbase.dll (00007FFF30F30000), size: 1048576 (result: 0), SymType: '-exported-', PDB: 'C:\Windows\System32\ucrtbase.dll', fileVersion: 10.0.19041.789
C:\Windows\System32\USER32.dll:USER32.dll (00007FFF311E0000), size: 1708032 (result: 0), SymType: '-exported-', PDB: 'C:\Windows\System32\USER32.dll', fileVersion: 10.0.19041.1202
C:\Windows\System32\win32u.dll:win32u.dll (00007FFF30DA0000), size: 139264 (result: 0), SymType: '-deferred-', PDB: '', fileVersion: 10.0.19041.1237
C:\Windows\System32\GDI32.dll:GDI32.dll (00007FFF32180000), size: 176128 (result: 0), SymType: '-deferred-', PDB: '', fileVersion: 10.0.19041.1202
C:\Windows\System32\gdi32full.dll:gdi32full.dll (00007FFF31030000), size: 1093632 (result: 0), SymType: '-exported-', PDB: 'C:\Windows\System32\gdi32full.dll', fileVersion: 10.0.19041.1110
C:\Windows\System32\msvcp_win.dll:msvcp_win.dll (00007FFF30870000), size: 643072 (result: 0), SymType: '-exported-', PDB: 'C:\Windows\System32\msvcp_win.dll', fileVersion: 10.0.19041.789
C:\Windows\System32\ADVAPI32.dll:ADVAPI32.dll (00007FFF326F0000), size: 704512 (result: 0), SymType: '-exported-', PDB: 'C:\Windows\System32\ADVAPI32.dll', fileVersion: 10.0.19041.1052
C:\Windows\System32\msvcrt.dll:msvcrt.dll (00007FFF322E0000), size: 647168 (result: 0), SymType: '-exported-', PDB: 'C:\Windows\System32\msvcrt.dll', fileVersion: 7.0.19041.546
C:\Windows\System32\sechost.dll:sechost.dll (00007FFF31140000), size: 634880 (result: 0), SymType: '-exported-', PDB: 'C:\Windows\System32\sechost.dll', fileVersion: 10.0.19041.906
C:\Windows\System32\RPCRT4.dll:RPCRT4.dll (00007FFF31390000), size: 1220608 (result: 0), SymType: '-exported-', PDB: 'C:\Windows\System32\RPCRT4.dll', fileVersion: 10.0.19041.1081
C:\Windows\System32\SHELL32.dll:SHELL32.dll (00007FFF31600000), size: 7598080 (result: 0), SymType: '-exported-', PDB: 'C:\Windows\System32\SHELL32.dll', fileVersion: 10.0.19041.1202
C:\Windows\System32\SHLWAPI.dll:SHLWAPI.dll (00007FFF314C0000), size: 348160 (result: 0), SymType: '-exported-', PDB: 'C:\Windows\System32\SHLWAPI.dll', fileVersion: 10.0.19041.1023
C:\2021.1.14f1\Editor\optix.6.0.0.dll:optix.6.0.0.dll (00007FFED9180000), size: 208896 (result: 0), SymType: '-exported-', PDB: 'C:\2021.1.14f1\Editor\optix.6.0.0.dll', fileVersion: 6.0.0.0
C:\Windows\System32\ole32.dll:ole32.dll (00007FFF32390000), size: 1220608 (result: 0), SymType: '-exported-', PDB: 'C:\Windows\System32\ole32.dll', fileVersion: 10.0.19041.1202
C:\Windows\System32\combase.dll:combase.dll (00007FFF31E20000), size: 3493888 (result: 0), SymType: '-exported-', PDB: 'C:\Windows\System32\combase.dll', fileVersion: 10.0.19041.1202
C:\Windows\System32\IMM32.dll:IMM32.dll (00007FFF32950000), size: 196608 (result: 0), SymType: '-exported-', PDB: 'C:\Windows\System32\IMM32.dll', fileVersion: 10.0.19041.546
C:\2021.1.14f1\Editor\OpenImageDenoise.dll:OpenImageDenoise.dll (00007FFED6190000), size: 43806720 (result: 0), SymType: '-exported-', PDB: 'C:\2021.1.14f1\Editor\OpenImageDenoise.dll'
C:\Windows\System32\SETUPAPI.dll:SETUPAPI.dll (00007FFF32980000), size: 4661248 (result: 0), SymType: '-exported-', PDB: 'C:\Windows\System32\SETUPAPI.dll', fileVersion: 10.0.19041.1237
C:\Windows\System32\cfgmgr32.dll:cfgmgr32.dll (00007FFF30A50000), size: 319488 (result: 0), SymType: '-exported-', PDB: 'C:\Windows\System32\cfgmgr32.dll', fileVersion: 10.0.19041.1151
C:\Windows\System32\bcrypt.dll:bcrypt.dll (00007FFF30AA0000), size: 159744 (result: 0), SymType: '-exported-', PDB: 'C:\Windows\System32\bcrypt.dll', fileVersion: 10.0.19041.1023
C:\Windows\System32\WS2_32.dll:WS2_32.dll (00007FFF32680000), size: 438272 (result: 0), SymType: '-exported-', PDB: 'C:\Windows\System32\WS2_32.dll', fileVersion: 10.0.19041.546
C:\Windows\System32\OLEAUT32.dll:OLEAUT32.dll (00007FFF325B0000), size: 839680 (result: 0), SymType: '-exported-', PDB: 'C:\Windows\System32\OLEAUT32.dll', fileVersion: 10.0.19041.985
C:\2021.1.14f1\Editor\umbraoptimizer64.dll:umbraoptimizer64.dll (00007FFED8B60000), size: 1306624 (result: 0), SymType: '-exported-', PDB: 'C:\2021.1.14f1\Editor\umbraoptimizer64.dll'
C:\Windows\System32\WLDAP32.dll:WLDAP32.dll (00007FFF32550000), size: 352256 (result: 0), SymType: '-exported-', PDB: 'C:\Windows\System32\WLDAP32.dll', fileVersion: 10.0.19041.546
C:\Windows\System32\Normaliz.dll:Normaliz.dll (00007FFF32380000), size: 32768 (result: 0), SymType: '-exported-', PDB: 'C:\Windows\System32\Normaliz.dll', fileVersion: 10.0.19041.546
C:\2021.1.14f1\Editor\etccompress.dll:etccompress.dll (00007FFED8CA0000), size: 5066752 (result: 0), SymType: '-exported-', PDB: 'C:\2021.1.14f1\Editor\etccompress.dll'
C:\2021.1.14f1\Editor\FreeImage.dll:FreeImage.dll (0000000180000000), size: 6414336 (result: 0), SymType: '-exported-', PDB: 'C:\2021.1.14f1\Editor\FreeImage.dll', fileVersion: 3.18.0.0
C:\2021.1.14f1\Editor\libfbxsdk.dll:libfbxsdk.dll (00007FFED91C0000), size: 10215424 (result: 0), SymType: '-exported-', PDB: 'C:\2021.1.14f1\Editor\libfbxsdk.dll', fileVersion: 2020.2.0.0
C:\2021.1.14f1\Editor\ispc_texcomp.dll:ispc_texcomp.dll (00007FFED5FE0000), size: 1744896 (result: 0), SymType: '-exported-', PDB: 'C:\2021.1.14f1\Editor\ispc_texcomp.dll'
C:\2021.1.14f1\Editor\WinPixEventRuntime.dll:WinPixEventRuntime.dll (00007FFED5FD0000), size: 45056 (result: 0), SymType: '-exported-', PDB: 'C:\2021.1.14f1\Editor\WinPixEventRuntime.dll', fileVersion: 1.0.1812.6001
C:\Windows\SYSTEM32\OPENGL32.dll:OPENGL32.dll (00007FFED5EA0000), size: 1200128 (result: 0), SymType: '-exported-', PDB: 'C:\Windows\SYSTEM32\OPENGL32.dll', fileVersion: 10.0.19041.1081
C:\Windows\SYSTEM32\GLU32.dll:GLU32.dll (00007FFED5E70000), size: 180224 (result: 0), SymType: '-exported-', PDB: 'C:\Windows\SYSTEM32\GLU32.dll', fileVersion: 10.0.19041.1081
C:\2021.1.14f1\Editor\tbb.dll:tbb.dll (00007FFED5300000), size: 413696 (result: 0), SymType: '-exported-', PDB: 'C:\2021.1.14f1\Editor\tbb.dll', fileVersion: 2017.0.2016.1004
C:\Windows\SYSTEM32\WINHTTP.dll:WINHTTP.dll (00007FFF25B40000), size: 1081344 (result: 0), SymType: '-exported-', PDB: 'C:\Windows\SYSTEM32\WINHTTP.dll', fileVersion: 10.0.19041.1151
C:\Windows\SYSTEM32\WINMM.dll:WINMM.dll (00007FFF284C0000), size: 159744 (result: 0), SymType: '-exported-', PDB: 'C:\Windows\SYSTEM32\WINMM.dll', fileVersion: 10.0.19041.546
C:\Windows\SYSTEM32\HID.DLL:HID.DLL (00007FFF2F0C0000), size: 53248 (result: 0), SymType: '-exported-', PDB: 'C:\Windows\SYSTEM32\HID.DLL', fileVersion: 10.0.19041.546
C:\2021.1.14f1\Editor\RadeonImageFilters.dll:RadeonImageFilters.dll (00007FFED5C00000), size: 2535424 (result: 0), SymType: '-exported-', PDB: 'C:\2021.1.14f1\Editor\RadeonImageFilters.dll', fileVersion: 1.5.1.0
C:\2021.1.14f1\Editor\SketchUpAPI.dll:SketchUpAPI.dll (00007FFED5370000), size: 8978432 (result: 0), SymType: '-exported-', PDB: 'C:\2021.1.14f1\Editor\SketchUpAPI.dll', fileVersion: 19.0.753.0
C:\Windows\SYSTEM32\VERSION.dll:VERSION.dll (00007FFF285C0000), size: 40960 (result: 0), SymType: '-exported-', PDB: 'C:\Windows\SYSTEM32\VERSION.dll', fileVersion: 10.0.19041.546
C:\Windows\SYSTEM32\VCRUNTIME140.dll:VCRUNTIME140.dll (00007FFEF1070000), size: 110592 (result: 0), SymType: '-exported-', PDB: 'C:\Windows\SYSTEM32\VCRUNTIME140.dll', fileVersion: 14.29.30133.0
C:\Windows\SYSTEM32\MSVCP140.dll:MSVCP140.dll (00007FFEF1090000), size: 577536 (result: 0), SymType: '-exported-', PDB: 'C:\Windows\SYSTEM32\MSVCP140.dll', fileVersion: 14.29.30133.0
C:\Windows\SYSTEM32\MSVCP120.dll:MSVCP120.dll (00007FFED50E0000), size: 679936 (result: 0), SymType: '-exported-', PDB: 'C:\Windows\SYSTEM32\MSVCP120.dll', fileVersion: 12.0.21005.1
C:\Windows\SYSTEM32\MSVCR120.dll:MSVCR120.dll (00007FFED5190000), size: 978944 (result: 0), SymType: '-exported-', PDB: 'C:\Windows\SYSTEM32\MSVCR120.dll', fileVersion: 12.0.21005.1
C:\2021.1.14f1\Editor\SketchUpCommonPreferences.dll:SketchUpCommonPreferences.dll (00007FFED5280000), size: 483328 (result: 0), SymType: '-exported-', PDB: 'C:\2021.1.14f1\Editor\SketchUpCommonPreferences.dll', fileVersion: 19.0.753.20342
C:\Windows\SYSTEM32\Secur32.dll:Secur32.dll (00007FFF16D50000), size: 49152 (result: 0), SymType: '-exported-', PDB: 'C:\Windows\SYSTEM32\Secur32.dll', fileVersion: 10.0.19041.546
C:\Windows\SYSTEM32\VCRUNTIME140_1.dll:VCRUNTIME140_1.dll (00007FFF1A140000), size: 49152 (result: 0), SymType: '-exported-', PDB: 'C:\Windows\SYSTEM32\VCRUNTIME140_1.dll', fileVersion: 14.29.30133.0
C:\Windows\SYSTEM32\SSPICLI.DLL:SSPICLI.DLL (00007FFF306D0000), size: 200704 (result: 0), SymType: '-exported-', PDB: 'C:\Windows\SYSTEM32\SSPICLI.DLL', fileVersion: 10.0.19041.906
C:\Windows\System32\WINTRUST.dll:WINTRUST.dll (00007FFF30810000), size: 393216 (result: 0), SymType: '-exported-', PDB: 'C:\Windows\System32\WINTRUST.dll', fileVersion: 10.0.19041.1237
C:\Windows\SYSTEM32\IPHLPAPI.DLL:IPHLPAPI.DLL (00007FFF2FC60000), size: 241664 (result: 0), SymType: '-exported-', PDB: 'C:\Windows\SYSTEM32\IPHLPAPI.DLL', fileVersion: 10.0.19041.546
C:\Windows\SYSTEM32\MSWSOCK.dll:MSWSOCK.dll (00007FFF2FFC0000), size: 434176 (result: 0), SymType: '-exported-', PDB: 'C:\Windows\SYSTEM32\MSWSOCK.dll', fileVersion: 10.0.19041.546
C:\2021.1.14f1\Editor\OpenRL.dll:OpenRL.dll (000001CC96A70000), size: 12779520 (result: 0), SymType: '-exported-', PDB: 'C:\2021.1.14f1\Editor\OpenRL.dll', fileVersion: 1.5.0.2907
C:\Windows\SYSTEM32\MSVCP100.dll:MSVCP100.dll (000000005FFE0000), size: 622592 (result: 0), SymType: '-exported-', PDB: 'C:\Windows\SYSTEM32\MSVCP100.dll', fileVersion: 10.0.40219.325
C:\2021.1.14f1\Editor\embree.dll:embree.dll (00007FFED40F0000), size: 16711680 (result: 0), SymType: '-exported-', PDB: 'C:\2021.1.14f1\Editor\embree.dll', fileVersion: 2.14.0.0
C:\Windows\SYSTEM32\MSVCR100.dll:MSVCR100.dll (000000005FF00000), size: 860160 (result: 0), SymType: '-exported-', PDB: 'C:\Windows\SYSTEM32\MSVCR100.dll', fileVersion: 10.0.40219.325
C:\2021.1.14f1\Editor\OpenRL_pthread.dll:OpenRL_pthread.dll (000001CC976C0000), size: 61440 (result: 0), SymType: '-exported-', PDB: 'C:\2021.1.14f1\Editor\OpenRL_pthread.dll', fileVersion: 2.9.0.0
C:\Windows\SYSTEM32\MSASN1.dll:MSASN1.dll (00007FFF303F0000), size: 73728 (result: 0), SymType: '-exported-', PDB: 'C:\Windows\SYSTEM32\MSASN1.dll', fileVersion: 10.0.19041.546
C:\Windows\SYSTEM32\kernel.appcore.dll:kernel.appcore.dll (00007FFF2E650000), size: 73728 (result: 0), SymType: '-exported-', PDB: 'C:\Windows\SYSTEM32\kernel.appcore.dll', fileVersion: 10.0.19041.546
C:\Windows\System32\bcryptPrimitives.dll:bcryptPrimitives.dll (00007FFF309C0000), size: 536576 (result: 0), SymType: '-exported-', PDB: 'C:\Windows\System32\bcryptPrimitives.dll', fileVersion: 10.0.19041.1202
C:\Windows\system32\uxtheme.dll:uxtheme.dll (00007FFF2E1D0000), size: 647168 (result: 0), SymType: '-exported-', PDB: 'C:\Windows\system32\uxtheme.dll', fileVersion: 10.0.19041.1081
C:\Windows\System32\shcore.dll:shcore.dll (00007FFF32EE0000), size: 712704 (result: 0), SymType: '-exported-', PDB: 'C:\Windows\System32\shcore.dll', fileVersion: 10.0.19041.1023
C:\Windows\SYSTEM32\windows.storage.dll:windows.storage.dll (00007FFF2E930000), size: 7929856 (result: 0), SymType: '-exported-', PDB: 'C:\Windows\SYSTEM32\windows.storage.dll', fileVersion: 10.0.19041.1202
C:\Windows\SYSTEM32\Wldp.dll:Wldp.dll (00007FFF30260000), size: 180224 (result: 0), SymType: '-exported-', PDB: 'C:\Windows\SYSTEM32\Wldp.dll', fileVersion: 10.0.19041.662
C:\Windows\SYSTEM32\profapi.dll:profapi.dll (00007FFF30750000), size: 126976 (result: 0), SymType: '-nosymbols-', PDB: 'C:\Windows\SYSTEM32\profapi.dll', fileVersion: 10.0.19041.844
C:\Windows\System32\clbcatq.dll:clbcatq.dll (00007FFF31D40000), size: 692224 (result: 0), SymType: '-exported-', PDB: 'C:\Windows\System32\clbcatq.dll', fileVersion: 2001.12.10941.16384
C:\Windows\System32\netprofm.dll:netprofm.dll (00007FFF2A730000), size: 253952 (result: 0), SymType: '-exported-', PDB: 'C:\Windows\System32\netprofm.dll', fileVersion: 10.0.19041.906
C:\Windows\System32\npmproxy.dll:npmproxy.dll (00007FFF283A0000), size: 65536 (result: 0), SymType: '-exported-', PDB: 'C:\Windows\System32\npmproxy.dll', fileVersion: 10.0.19041.906
C:\Windows\System32\NSI.dll:NSI.dll (00007FFF322D0000), size: 32768 (result: 0), SymType: '-exported-', PDB: 'C:\Windows\System32\NSI.dll', fileVersion: 10.0.19041.610
C:\Windows\SYSTEM32\dhcpcsvc6.DLL:dhcpcsvc6.DLL (00007FFF28520000), size: 94208 (result: 0), SymType: '-exported-', PDB: 'C:\Windows\SYSTEM32\dhcpcsvc6.DLL', fileVersion: 10.0.19041.546
C:\Windows\SYSTEM32\dhcpcsvc.DLL:dhcpcsvc.DLL (00007FFF28770000), size: 118784 (result: 0), SymType: '-exported-', PDB: 'C:\Windows\SYSTEM32\dhcpcsvc.DLL', fileVersion: 10.0.19041.546
C:\Windows\SYSTEM32\DNSAPI.dll:DNSAPI.dll (00007FFF2FCA0000), size: 835584 (result: 0), SymType: '-exported-', PDB: 'C:\Windows\SYSTEM32\DNSAPI.dll', fileVersion: 10.0.19041.1151
C:\Windows\System32\fwpuclnt.dll:fwpuclnt.dll (00007FFF1B8E0000), size: 520192 (result: 0), SymType: '-exported-', PDB: 'C:\Windows\System32\fwpuclnt.dll', fileVersion: 10.0.19041.1081
C:\Windows\System32\rasadhlp.dll:rasadhlp.dll (00007FFF23500000), size: 40960 (result: 0), SymType: '-exported-', PDB: 'C:\Windows\System32\rasadhlp.dll', fileVersion: 10.0.19041.546
C:\2021.1.14f1\Editor\Data\Tools\astcenc-avx2.dll:astcenc-avx2.dll (00007FFEEE5F0000), size: 552960 (result: 0), SymType: '-exported-', PDB: 'C:\2021.1.14f1\Editor\Data\Tools\astcenc-avx2.dll'
C:\Windows\SYSTEM32\d3d11.dll:d3d11.dll (00007FFF2C7B0000), size: 2506752 (result: 0), SymType: '-exported-', PDB: 'C:\Windows\SYSTEM32\d3d11.dll', fileVersion: 10.0.19041.1202
C:\Windows\SYSTEM32\dxgi.dll:dxgi.dll (00007FFF2F100000), size: 999424 (result: 0), SymType: '-exported-', PDB: 'C:\Windows\SYSTEM32\dxgi.dll', fileVersion: 10.0.19041.964
C:\Windows\System32\DriverStore\FileRepository\nvle.inf_amd64_b294a0b4678b9c15\nvldumdx.dll:nvldumdx.dll (00007FFF285D0000), size: 1073152 (result: 0), SymType: '-exported-', PDB: 'C:\Windows\System32\DriverStore\FileRepository\nvle.inf_amd64_b294a0b4678b9c15\nvldumdx.dll', fileVersion: 30.0.14.7155
C:\Windows\SYSTEM32\cryptnet.dll:cryptnet.dll (00007FFF28560000), size: 200704 (result: 0), SymType: '-exported-', PDB: 'C:\Windows\SYSTEM32\cryptnet.dll', fileVersion: 10.0.19041.906
C:\Windows\SYSTEM32\drvstore.dll:drvstore.dll (00007FFF281D0000), size: 1351680 (result: 0), SymType: '-exported-', PDB: 'C:\Windows\SYSTEM32\drvstore.dll', fileVersion: 10.0.19041.1081
C:\Windows\SYSTEM32\devobj.dll:devobj.dll (00007FFF305B0000), size: 212992 (result: 0), SymType: '-exported-', PDB: 'C:\Windows\SYSTEM32\devobj.dll', fileVersion: 10.0.19041.1151
C:\Windows\SYSTEM32\cryptbase.dll:cryptbase.dll (00007FFF301B0000), size: 49152 (result: 0), SymType: '-exported-', PDB: 'C:\Windows\SYSTEM32\cryptbase.dll', fileVersion: 10.0.19041.546
C:\Windows\System32\imagehlp.dll:imagehlp.dll (00007FFF31DF0000), size: 118784 (result: 0), SymType: '-exported-', PDB: 'C:\Windows\System32\imagehlp.dll', fileVersion: 10.0.19041.546
C:\Windows\SYSTEM32\CRYPTSP.dll:CRYPTSP.dll (00007FFF301C0000), size: 98304 (result: 0), SymType: '-exported-', PDB: 'C:\Windows\SYSTEM32\CRYPTSP.dll', fileVersion: 10.0.19041.546
C:\Windows\system32\rsaenh.dll:rsaenh.dll (00007FFF2F8D0000), size: 212992 (result: 0), SymType: '-exported-', PDB: 'C:\Windows\system32\rsaenh.dll', fileVersion: 10.0.19041.1052
C:\Windows\System32\DriverStore\FileRepository\nvle.inf_amd64_b294a0b4678b9c15\nvwgf2umx.dll:nvwgf2umx.dll (00007FFEF53E0000), size: 77615104 (result: 0), SymType: '-exported-', PDB: 'C:\Windows\System32\DriverStore\FileRepository\nvle.inf_amd64_b294a0b4678b9c15\nvwgf2umx.dll', fileVersion: 30.0.14.7155
C:\Windows\SYSTEM32\dxcore.dll:dxcore.dll (00007FFF28AE0000), size: 241664 (result: 0), SymType: '-exported-', PDB: 'C:\Windows\SYSTEM32\dxcore.dll', fileVersion: 10.0.19041.546
C:\Windows\system32\wbem\wbemprox.dll:wbemprox.dll (00007FFF249D0000), size: 69632 (result: 0), SymType: '-exported-', PDB: 'C:\Windows\system32\wbem\wbemprox.dll', fileVersion: 10.0.19041.1081
C:\Windows\SYSTEM32\wbemcomn.dll:wbemcomn.dll (00007FFF24930000), size: 598016 (result: 0), SymType: '-exported-', PDB: 'C:\Windows\SYSTEM32\wbemcomn.dll', fileVersion: 10.0.19041.1081
C:\Windows\system32\wbem\wbemsvc.dll:wbemsvc.dll (00007FFF24430000), size: 81920 (result: 0), SymType: '-exported-', PDB: 'C:\Windows\system32\wbem\wbemsvc.dll', fileVersion: 10.0.19041.1081
C:\Windows\system32\wbem\fastprox.dll:fastprox.dll (00007FFF235B0000), size: 1093632 (result: 0), SymType: '-exported-', PDB: 'C:\Windows\system32\wbem\fastprox.dll', fileVersion: 10.0.19041.546
C:\Windows\SYSTEM32\amsi.dll:amsi.dll (00007FFF23530000), size: 102400 (result: 0), SymType: '-exported-', PDB: 'C:\Windows\SYSTEM32\amsi.dll', fileVersion: 10.0.19041.746
C:\Windows\SYSTEM32\USERENV.dll:USERENV.dll (00007FFF30710000), size: 188416 (result: 0), SymType: '-exported-', PDB: 'C:\Windows\SYSTEM32\USERENV.dll', fileVersion: 10.0.19041.572
C:\ProgramData\Microsoft\Windows Defender\Platform\4.18.2109.6-0\MpOav.dll:MpOav.dll (00007FFF1D5D0000), size: 495616 (result: 0), SymType: '-exported-', PDB: 'C:\ProgramData\Microsoft\Windows Defender\Platform\4.18.2109.6-0\MpOav.dll', fileVersion: 4.18.2109.6
C:\Windows\SYSTEM32\dbghelp.dll:dbghelp.dll (00007FFF2BF90000), size: 1982464 (result: 0), SymType: '-exported-', PDB: 'C:\Windows\SYSTEM32\dbghelp.dll', fileVersion: 10.0.19041.867

========== OUTPUTTING STACK TRACE ==================

0x00007FF6F652BE58 (Unity) winutils::ExternalCrashHandler::HandleCrash
0x00007FF6F652BF71 (Unity) winutils::ExternalCrashHandler::HandleFatal
0x00007FF6F653A7B5 (Unity) winutils::CrashHandler::DefaultSignalHandler
0x00007FF6F88C4CEE (Unity) seh_filter_exe
0x00007FF6F898D6BD (Unity) `__scrt_common_main_seh'::`1'::filt$0
0x00007FF6F8891BC8 (Unity) _C_specific_handler
0x00007FFF331920CF (ntdll) _chkstk
0x00007FFF33141454 (ntdll) RtlRaiseException
0x00007FFF33190BFE (ntdll) KiUserExceptionDispatcher
0x00007FF6F5EA6756 (Unity) DynamicHeapAllocator::CreateTLSFPool
0x00007FF6F5EA5F30 (Unity) DynamicHeapAllocator::Allocate
0x00007FF6F5EA2784 (Unity) DualThreadAllocator<DynamicHeapAllocator>::Allocate
0x00007FF6F5E9C645 (Unity) MemoryManager::Allocate
0x00007FF6F5EA162C (Unity) malloc_internal
0x00007FF6F5761E69 (Unity) core::StringStorageDefault<char>::grow
0x00007FF6F57BD4B0 (Unity) core::StringStorageDefault<char>::resize
0x00007FF6F579E4EF (Unity) StreamedBinaryRead::Transfer<core::basic_string<char,core::StringStorageDefault<char> > >
0x00007FF6F7CA7336 (Unity) ShaderSnippet::Transfer<StreamedBinaryRead>
0x00007FF6F7CAAACB (Unity) StreamedBinaryRead::TransferSTLStyleMap<std::map<int,ShaderSnippet,std::less<int>,std::allocator<std::pair<int const ,ShaderSnippet> > > >
0x00007FF6F7CA7243 (Unity) ShaderCompilationInfo::Transfer<StreamedBinaryRead>
0x00007FF6F7C84981 (Unity) Shader::Transfer<StreamedBinaryRead>
0x00007FF6F7CA1A55 (Unity) Shader::VirtualRedirectTransfer
0x00007FF6F650B237 (Unity) SerializedFile::ReadObject
0x00007FF6F64EF6D1 (Unity) PersistentManager::ReadAndActivateObjectThreaded
0x00007FF6F64EFD54 (Unity) PersistentManager::ReadObjectThreaded
0x00007FF6F64EFA73 (Unity) PersistentManager::ReadObject
0x00007FF6F62AC479 (Unity) ShaderVariantCollection::AwakeFromLoad
0x00007FF6F651711F (Unity) AwakeFromLoadQueue::InvokePersistentManagerAwake
0x00007FF6F6517AB2 (Unity) AwakeFromLoadQueue::PersistentManagerAwakeFromLoad
0x00007FF6F6517C3A (Unity) AwakeFromLoadQueue::PersistentManagerAwakeFromLoad
0x00007FF6F64EBA5F (Unity) PersistentManager::IntegrateAllThreadedObjects
0x00007FF6F64EC727 (Unity) PersistentManager::LoadFileCompletely
0x00007FF6F680C84F (Unity) InitializeShaderCompilationManager
0x00007FF6F61B59F7 (Unity) InitializeEngineGraphics
0x00007FF6F692FEAA (Unity) Application::InitializeProject
0x00007FF6F6D3FD77 (Unity) WinMain
0x00007FF6F886F402 (Unity) __scrt_common_main_seh
0x00007FFF33007034 (KERNEL32) BaseThreadInitThunk
0x00007FFF33142651 (ntdll) RtlUserThreadStart

========== END OF STACKTRACE ===========

A crash has been intercepted by the crash handler. For call stack and other details, see the latest crash report generated in:
 * C:/Users/admin/AppData/Local/Temp/Unity/Editor/Crashes
